#-----------------------------------------------------------
# Vivado v2016.2 (64-bit)
# SW Build 1577090 on Thu Jun  2 16:32:40 MDT 2016
# IP Build 1577682 on Fri Jun  3 12:00:54 MDT 2016
# Start of session at: Sun Oct 22 17:21:14 2017
# Process ID: 4548
# Current directory: C:/Users/test/Documents/NUS/Y2S1/EE2020/audio_effects
# Command line: vivado.exe -gui_launcher_event rodinguilauncherevent9008 C:\Users\test\Documents\NUS\Y2S1\EE2020\audio_effects\audio_effects.xpr
# Log file: C:/Users/test/Documents/NUS/Y2S1/EE2020/audio_effects/vivado.log
# Journal file: C:/Users/test/Documents/NUS/Y2S1/EE2020/audio_effects\vivado.jou
#-----------------------------------------------------------
start_gui
open_project C:/Users/test/Documents/NUS/Y2S1/EE2020/audio_effects/audio_effects.xpr
INFO: [Project 1-313] Project file moved from 'C:/Users/ongwk/Desktop/EE2020-Design-Project' since last save.
Scanning sources...
Finished scanning sources
INFO: [IP_Flow 19-234] Refreshing IP repositories
INFO: [IP_Flow 19-1704] No user IP repositories specified
INFO: [IP_Flow 19-2313] Loaded Vivado IP repository 'C:/Xilinx/Vivado/2016.2/data/ip'.
open_project: Time (s): cpu = 00:00:15 ; elapsed = 00:00:07 . Memory (MB): peak = 752.328 ; gain = 114.445
update_compile_order -fileset sources_1
reset_run synth_1
reset_run hello_ROM_synth_1
launch_runs impl_1 -to_step write_bitstream
INFO: [IP_Flow 19-1686] Generating 'Synthesis' target for IP 'hello_ROM'...
[Sun Oct 22 17:22:43 2017] Launched hello_ROM_synth_1, synth_1...
Run output will be captured here:
hello_ROM_synth_1: C:/Users/test/Documents/NUS/Y2S1/EE2020/audio_effects/audio_effects.runs/hello_ROM_synth_1/runme.log
synth_1: C:/Users/test/Documents/NUS/Y2S1/EE2020/audio_effects/audio_effects.runs/synth_1/runme.log
[Sun Oct 22 17:22:43 2017] Launched impl_1...
Run output will be captured here: C:/Users/test/Documents/NUS/Y2S1/EE2020/audio_effects/audio_effects.runs/impl_1/runme.log
launch_runs: Time (s): cpu = 00:00:09 ; elapsed = 00:00:10 . Memory (MB): peak = 787.477 ; gain = 0.000
reset_run synth_1
reset_run hello_ROM_synth_1
launch_runs impl_1 -to_step write_bitstream
[Sun Oct 22 17:33:06 2017] Launched hello_ROM_synth_1, synth_1...
Run output will be captured here:
hello_ROM_synth_1: C:/Users/test/Documents/NUS/Y2S1/EE2020/audio_effects/audio_effects.runs/hello_ROM_synth_1/runme.log
synth_1: C:/Users/test/Documents/NUS/Y2S1/EE2020/audio_effects/audio_effects.runs/synth_1/runme.log
[Sun Oct 22 17:33:06 2017] Launched impl_1...
Run output will be captured here: C:/Users/test/Documents/NUS/Y2S1/EE2020/audio_effects/audio_effects.runs/impl_1/runme.log
reset_run impl_1
reset_run synth_1
exit
INFO: [Common 17-206] Exiting Vivado at Sun Oct 22 17:44:57 2017...
