#-----------------------------------------------------------
# Vivado v2016.2 (64-bit)
# SW Build 1577090 on Thu Jun  2 16:32:40 MDT 2016
# IP Build 1577682 on Fri Jun  3 12:00:54 MDT 2016
# Start of session at: Thu Oct 19 22:44:18 2017
# Process ID: 6196
# Current directory: C:/Users/ongwk/Desktop/audio_effects
# Command line: vivado.exe -gui_launcher_event rodinguilauncherevent10080 C:\Users\ongwk\Desktop\audio_effects\audio_effects.xpr
# Log file: C:/Users/ongwk/Desktop/audio_effects/vivado.log
# Journal file: C:/Users/ongwk/Desktop/audio_effects\vivado.jou
#-----------------------------------------------------------
start_gui
open_project C:/Users/ongwk/Desktop/audio_effects/audio_effects.xpr
Scanning sources...
Finished scanning sources
INFO: [IP_Flow 19-234] Refreshing IP repositories
INFO: [IP_Flow 19-1704] No user IP repositories specified
INFO: [IP_Flow 19-2313] Loaded Vivado IP repository 'C:/Xilinx/Vivado/2016.2/data/ip'.
update_compile_order -fileset sources_1
 elapsed = 00:00:07 . Memory (MB): peak = 787.117 ; gain = 125.383
update_compile_order -fileset sources_1
exit
INFO: [Common 17-206] Exiting Vivado at Thu Oct 19 22:44:43 2017...
