#-----------------------------------------------------------
# Vivado v2016.2 (64-bit)
# SW Build 1577090 on Thu Jun  2 16:32:40 MDT 2016
# IP Build 1577682 on Fri Jun  3 12:00:54 MDT 2016
# Start of session at: Fri Oct 20 18:34:09 2017
# Process ID: 13384
# Current directory: C:/Users/ongwk/Desktop/EE2020-Design-Project
# Command line: vivado.exe -gui_launcher_event rodinguilauncherevent12940 C:\Users\ongwk\Desktop\EE2020-Design-Project\audio_effects.xpr
# Log file: C:/Users/ongwk/Desktop/EE2020-Design-Project/vivado.log
# Journal file: C:/Users/ongwk/Desktop/EE2020-Design-Project\vivado.jou
#-----------------------------------------------------------
start_gui
open_project C:/Users/ongwk/Desktop/EE2020-Design-Project/audio_effects.xpr
Scanning sources...
Finished scanning sources
INFO: [IP_Flow 19-234] Refreshing IP repositories
INFO: [IP_Flow 19-1704] No user IP repositories specified
INFO: [IP_Flow 19-2313] Loaded Vivado IP repository 'C:/Xilinx/Vivado/2016.2/data/ip'.
open_project: Time (s): cpu = 00:00:18 ; elapsed = 00:00:08 . Memory (MB): peak = 783.949 ; gain = 126.879
update_compile_order -fileset sources_1
reset_run impl_1 -prev_step 
launch_runs impl_1 -to_step write_bitstream -jobs 2
[Fri Oct 20 18:34:34 2017] Launched impl_1...
Run output will be captured here: C:/Users/ongwk/Desktop/EE2020-Design-Project/audio_effects.runs/impl_1/runme.log
reset_run impl_1 -prev_step 
launch_runs impl_1 -to_step write_bitstream -jobs 2
[Fri Oct 20 18:36:30 2017] Launched impl_1...
Run output will be captured here: C:/Users/ongwk/Desktop/EE2020-Design-Project/audio_effects.runs/impl_1/runme.log
open_hw
connect_hw_server
INFO: [Labtools 27-2285] Connecting to hw_server url TCP:localhost:3121
INFO: [Labtools 27-2222] Launching hw_server...
INFO: [Labtools 27-2221] Launch Output:

****** Xilinx hw_server v2016.2
  **** Build date : Jun  2 2016-16:57:03
    ** Copyright 1986-2016 Xilinx, Inc. All Rights Reserved.


connect_hw_server: Time (s): cpu = 00:00:01 ; elapsed = 00:00:07 . Memory (MB): peak = 804.652 ; gain = 0.000
open_hw_target
INFO: [Labtoolstcl 44-466] Opening hw_target localhost:3121/xilinx_tcf/Digilent/210183714161A
current_hw_device [lindex [get_hw_devices] 0]
refresh_hw_device -update_hw_probes false [lindex [get_hw_devices] 0]
INFO: [Labtools 27-1434] Device xc7a35t (JTAG device index = 0) is programmed with a design that has no supported debug core(s) in it.
WARNING: [Labtools 27-3123] The debug hub core was not detected at User Scan Chain 1 or 3.
Resolution: 
1. Make sure the clock connected to the debug hub (dbg_hub) core is a free running clock and is active OR
2. Manually launch hw_server with -e "set xsdb-user-bscan <C_USER_SCAN_CHAIN scan_chain_number>" to detect the debug hub at User Scan Chain of 2 or 4. To determine the user scan chain setting, open the implemented design and use: get_property C_USER_SCAN_CHAIN [get_debug_cores dbg_hub].
set_property PROBES.FILE {} [lindex [get_hw_devices] 0]
set_property PROGRAM.FILE {C:/Users/ongwk/Desktop/EE2020-Design-Project/audio_effects.runs/impl_1/AUDIO_FX_TOP.bit} [lindex [get_hw_devices] 0]
program_hw_devices [lindex [get_hw_devices] 0]
INFO: [Labtools 27-3164] End of startup status: HIGH
refresh_hw_device [lindex [get_hw_devices] 0]
INFO: [Labtools 27-1434] Device xc7a35t (JTAG device index = 0) is programmed with a design that has no supported debug core(s) in it.
WARNING: [Labtools 27-3123] The debug hub core was not detected at User Scan Chain 1 or 3.
Resolution: 
1. Make sure the clock connected to the debug hub (dbg_hub) core is a free running clock and is active OR
2. Manually launch hw_server with -e "set xsdb-user-bscan <C_USER_SCAN_CHAIN scan_chain_number>" to detect the debug hub at User Scan Chain of 2 or 4. To determine the user scan chain setting, open the implemented design and use: get_property C_USER_SCAN_CHAIN [get_debug_cores dbg_hub].
reset_run synth_1
launch_runs impl_1 -to_step write_bitstream -jobs 2
[Fri Oct 20 18:37:50 2017] Launched synth_1...
Run output will be captured here: C:/Users/ongwk/Desktop/EE2020-Design-Project/audio_effects.runs/synth_1/runme.log
[Fri Oct 20 18:37:50 2017] Launched impl_1...
Run output will be captured here: C:/Users/ongwk/Desktop/EE2020-Design-Project/audio_effects.runs/impl_1/runme.log
set_property PROBES.FILE {} [lindex [get_hw_devices] 0]
set_property PROGRAM.FILE {C:/Users/ongwk/Desktop/EE2020-Design-Project/audio_effects.runs/impl_1/AUDIO_FX_TOP.bit} [lindex [get_hw_devices] 0]
program_hw_devices [lindex [get_hw_devices] 0]
INFO: [Labtools 27-3164] End of startup status: HIGH
refresh_hw_device [lindex [get_hw_devices] 0]
INFO: [Labtools 27-1434] Device xc7a35t (JTAG device index = 0) is programmed with a design that has no supported debug core(s) in it.
WARNING: [Labtools 27-3123] The debug hub core was not detected at User Scan Chain 1 or 3.
Resolution: 
1. Make sure the clock connected to the debug hub (dbg_hub) core is a free running clock and is active OR
2. Manually launch hw_server with -e "set xsdb-user-bscan <C_USER_SCAN_CHAIN scan_chain_number>" to detect the debug hub at User Scan Chain of 2 or 4. To determine the user scan chain setting, open the implemented design and use: get_property C_USER_SCAN_CHAIN [get_debug_cores dbg_hub].
reset_run synth_1
launch_runs impl_1 -to_step write_bitstream -jobs 2
[Fri Oct 20 18:41:08 2017] Launched synth_1...
Run output will be captured here: C:/Users/ongwk/Desktop/EE2020-Design-Project/audio_effects.runs/synth_1/runme.log
[Fri Oct 20 18:41:08 2017] Launched impl_1...
Run output will be captured here: C:/Users/ongwk/Desktop/EE2020-Design-Project/audio_effects.runs/impl_1/runme.log
set_property PROBES.FILE {} [lindex [get_hw_devices] 0]
set_property PROGRAM.FILE {C:/Users/ongwk/Desktop/EE2020-Design-Project/audio_effects.runs/impl_1/AUDIO_FX_TOP.bit} [lindex [get_hw_devices] 0]
program_hw_devices [lindex [get_hw_devices] 0]
INFO: [Labtools 27-3164] End of startup status: HIGH
refresh_hw_device [lindex [get_hw_devices] 0]
INFO: [Labtools 27-1434] Device xc7a35t (JTAG device index = 0) is programmed with a design that has no supported debug core(s) in it.
WARNING: [Labtools 27-3123] The debug hub core was not detected at User Scan Chain 1 or 3.
Resolution: 
1. Make sure the clock connected to the debug hub (dbg_hub) core is a free running clock and is active OR
2. Manually launch hw_server with -e "set xsdb-user-bscan <C_USER_SCAN_CHAIN scan_chain_number>" to detect the debug hub at User Scan Chain of 2 or 4. To determine the user scan chain setting, open the implemented design and use: get_property C_USER_SCAN_CHAIN [get_debug_cores dbg_hub].
reset_run synth_1
launch_runs impl_1 -to_step write_bitstream -jobs 2
[Fri Oct 20 18:44:24 2017] Launched synth_1...
Run output will be captured here: C:/Users/ongwk/Desktop/EE2020-Design-Project/audio_effects.runs/synth_1/runme.log
[Fri Oct 20 18:44:24 2017] Launched impl_1...
Run output will be captured here: C:/Users/ongwk/Desktop/EE2020-Design-Project/audio_effects.runs/impl_1/runme.log
set_property PROBES.FILE {} [lindex [get_hw_devices] 0]
set_property PROGRAM.FILE {C:/Users/ongwk/Desktop/EE2020-Design-Project/audio_effects.runs/impl_1/AUDIO_FX_TOP.bit} [lindex [get_hw_devices] 0]
program_hw_devices [lindex [get_hw_devices] 0]
INFO: [Labtools 27-3164] End of startup status: HIGH
refresh_hw_device [lindex [get_hw_devices] 0]
INFO: [Labtools 27-1434] Device xc7a35t (JTAG device index = 0) is programmed with a design that has no supported debug core(s) in it.
WARNING: [Labtools 27-3123] The debug hub core was not detected at User Scan Chain 1 or 3.
Resolution: 
1. Make sure the clock connected to the debug hub (dbg_hub) core is a free running clock and is active OR
2. Manually launch hw_server with -e "set xsdb-user-bscan <C_USER_SCAN_CHAIN scan_chain_number>" to detect the debug hub at User Scan Chain of 2 or 4. To determine the user scan chain setting, open the implemented design and use: get_property C_USER_SCAN_CHAIN [get_debug_cores dbg_hub].
reset_run synth_1
launch_runs impl_1 -to_step write_bitstream -jobs 2
[Fri Oct 20 18:48:39 2017] Launched synth_1...
Run output will be captured here: C:/Users/ongwk/Desktop/EE2020-Design-Project/audio_effects.runs/synth_1/runme.log
[Fri Oct 20 18:48:39 2017] Launched impl_1...
Run output will be captured here: C:/Users/ongwk/Desktop/EE2020-Design-Project/audio_effects.runs/impl_1/runme.log
reset_run synth_1
launch_runs impl_1 -to_step write_bitstream -jobs 2
[Fri Oct 20 18:49:06 2017] Launched synth_1...
Run output will be captured here: C:/Users/ongwk/Desktop/EE2020-Design-Project/audio_effects.runs/synth_1/runme.log
[Fri Oct 20 18:49:06 2017] Launched impl_1...
Run output will be captured here: C:/Users/ongwk/Desktop/EE2020-Design-Project/audio_effects.runs/impl_1/runme.log
set_property PROBES.FILE {} [lindex [get_hw_devices] 0]
set_property PROGRAM.FILE {C:/Users/ongwk/Desktop/EE2020-Design-Project/audio_effects.runs/impl_1/AUDIO_FX_TOP.bit} [lindex [get_hw_devices] 0]
program_hw_devices [lindex [get_hw_devices] 0]
INFO: [Labtools 27-3164] End of startup status: HIGH
refresh_hw_device [lindex [get_hw_devices] 0]
INFO: [Labtools 27-1434] Device xc7a35t (JTAG device index = 0) is programmed with a design that has no supported debug core(s) in it.
WARNING: [Labtools 27-3123] The debug hub core was not detected at User Scan Chain 1 or 3.
Resolution: 
1. Make sure the clock connected to the debug hub (dbg_hub) core is a free running clock and is active OR
2. Manually launch hw_server with -e "set xsdb-user-bscan <C_USER_SCAN_CHAIN scan_chain_number>" to detect the debug hub at User Scan Chain of 2 or 4. To determine the user scan chain setting, open the implemented design and use: get_property C_USER_SCAN_CHAIN [get_debug_cores dbg_hub].
reset_run synth_1
launch_runs synth_1 -jobs 2
INFO: [HDL 9-2216] Analyzing Verilog file "C:/Users/ongwk/Desktop/EE2020-Design-Project/audio_effects.srcs/sources_1/new/MIC_delay.v" into library work [C:/Users/ongwk/Desktop/EE2020-Design-Project/audio_effects.srcs/sources_1/new/MIC_delay.v:1]
[Fri Oct 20 18:55:48 2017] Launched synth_1...
Run output will be captured here: C:/Users/ongwk/Desktop/EE2020-Design-Project/audio_effects.runs/synth_1/runme.log
reset_run synth_1
launch_runs impl_1 -to_step write_bitstream -jobs 2
[Fri Oct 20 18:56:59 2017] Launched synth_1...
Run output will be captured here: C:/Users/ongwk/Desktop/EE2020-Design-Project/audio_effects.runs/synth_1/runme.log
[Fri Oct 20 18:56:59 2017] Launched impl_1...
Run output will be captured here: C:/Users/ongwk/Desktop/EE2020-Design-Project/audio_effects.runs/impl_1/runme.log
set_property PROBES.FILE {} [lindex [get_hw_devices] 0]
set_property PROGRAM.FILE {C:/Users/ongwk/Desktop/EE2020-Design-Project/audio_effects.runs/impl_1/AUDIO_FX_TOP.bit} [lindex [get_hw_devices] 0]
program_hw_devices [lindex [get_hw_devices] 0]
INFO: [Labtools 27-3164] End of startup status: HIGH
refresh_hw_device [lindex [get_hw_devices] 0]
INFO: [Labtools 27-1434] Device xc7a35t (JTAG device index = 0) is programmed with a design that has no supported debug core(s) in it.
WARNING: [Labtools 27-3123] The debug hub core was not detected at User Scan Chain 1 or 3.
Resolution: 
1. Make sure the clock connected to the debug hub (dbg_hub) core is a free running clock and is active OR
2. Manually launch hw_server with -e "set xsdb-user-bscan <C_USER_SCAN_CHAIN scan_chain_number>" to detect the debug hub at User Scan Chain of 2 or 4. To determine the user scan chain setting, open the implemented design and use: get_property C_USER_SCAN_CHAIN [get_debug_cores dbg_hub].
reset_run synth_1
launch_runs impl_1 -to_step write_bitstream -jobs 2
[Fri Oct 20 19:19:07 2017] Launched synth_1...
Run output will be captured here: C:/Users/ongwk/Desktop/EE2020-Design-Project/audio_effects.runs/synth_1/runme.log
[Fri Oct 20 19:19:07 2017] Launched impl_1...
Run output will be captured here: C:/Users/ongwk/Desktop/EE2020-Design-Project/audio_effects.runs/impl_1/runme.log
set_property PROBES.FILE {} [lindex [get_hw_devices] 0]
set_property PROGRAM.FILE {C:/Users/ongwk/Desktop/EE2020-Design-Project/audio_effects.runs/impl_1/AUDIO_FX_TOP.bit} [lindex [get_hw_devices] 0]
program_hw_devices [lindex [get_hw_devices] 0]
INFO: [Labtools 27-3164] End of startup status: HIGH
refresh_hw_device [lindex [get_hw_devices] 0]
INFO: [Labtools 27-1434] Device xc7a35t (JTAG device index = 0) is programmed with a design that has no supported debug core(s) in it.
WARNING: [Labtools 27-3123] The debug hub core was not detected at User Scan Chain 1 or 3.
Resolution: 
1. Make sure the clock connected to the debug hub (dbg_hub) core is a free running clock and is active OR
2. Manually launch hw_server with -e "set xsdb-user-bscan <C_USER_SCAN_CHAIN scan_chain_number>" to detect the debug hub at User Scan Chain of 2 or 4. To determine the user scan chain setting, open the implemented design and use: get_property C_USER_SCAN_CHAIN [get_debug_cores dbg_hub].
reset_run synth_1
launch_runs impl_1 -to_step write_bitstream -jobs 2
[Fri Oct 20 19:29:48 2017] Launched synth_1...
Run output will be captured here: C:/Users/ongwk/Desktop/EE2020-Design-Project/audio_effects.runs/synth_1/runme.log
[Fri Oct 20 19:29:48 2017] Launched impl_1...
Run output will be captured here: C:/Users/ongwk/Desktop/EE2020-Design-Project/audio_effects.runs/impl_1/runme.log
set_property PROBES.FILE {} [lindex [get_hw_devices] 0]
set_property PROGRAM.FILE {C:/Users/ongwk/Desktop/EE2020-Design-Project/audio_effects.runs/impl_1/AUDIO_FX_TOP.bit} [lindex [get_hw_devices] 0]
program_hw_devices [lindex [get_hw_devices] 0]
INFO: [Labtools 27-3164] End of startup status: HIGH
refresh_hw_device [lindex [get_hw_devices] 0]
INFO: [Labtools 27-1434] Device xc7a35t (JTAG device index = 0) is programmed with a design that has no supported debug core(s) in it.
WARNING: [Labtools 27-3123] The debug hub core was not detected at User Scan Chain 1 or 3.
Resolution: 
1. Make sure the clock connected to the debug hub (dbg_hub) core is a free running clock and is active OR
2. Manually launch hw_server with -e "set xsdb-user-bscan <C_USER_SCAN_CHAIN scan_chain_number>" to detect the debug hub at User Scan Chain of 2 or 4. To determine the user scan chain setting, open the implemented design and use: get_property C_USER_SCAN_CHAIN [get_debug_cores dbg_hub].
reset_run synth_1
launch_runs impl_1 -to_step write_bitstream -jobs 2
[Fri Oct 20 19:36:06 2017] Launched synth_1...
Run output will be captured here: C:/Users/ongwk/Desktop/EE2020-Design-Project/audio_effects.runs/synth_1/runme.log
[Fri Oct 20 19:36:06 2017] Launched impl_1...
Run output will be captured here: C:/Users/ongwk/Desktop/EE2020-Design-Project/audio_effects.runs/impl_1/runme.log
set_property PROBES.FILE {} [lindex [get_hw_devices] 0]
set_property PROGRAM.FILE {C:/Users/ongwk/Desktop/EE2020-Design-Project/audio_effects.runs/impl_1/AUDIO_FX_TOP.bit} [lindex [get_hw_devices] 0]
program_hw_devices [lindex [get_hw_devices] 0]
INFO: [Labtools 27-3164] End of startup status: HIGH
refresh_hw_device [lindex [get_hw_devices] 0]
INFO: [Labtools 27-1434] Device xc7a35t (JTAG device index = 0) is programmed with a design that has no supported debug core(s) in it.
WARNING: [Labtools 27-3123] The debug hub core was not detected at User Scan Chain 1 or 3.
Resolution: 
1. Make sure the clock connected to the debug hub (dbg_hub) core is a free running clock and is active OR
2. Manually launch hw_server with -e "set xsdb-user-bscan <C_USER_SCAN_CHAIN scan_chain_number>" to detect the debug hub at User Scan Chain of 2 or 4. To determine the user scan chain setting, open the implemented design and use: get_property C_USER_SCAN_CHAIN [get_debug_cores dbg_hub].
reset_run synth_1
launch_runs impl_1 -to_step write_bitstream -jobs 2
[Fri Oct 20 19:38:59 2017] Launched synth_1...
Run output will be captured here: C:/Users/ongwk/Desktop/EE2020-Design-Project/audio_effects.runs/synth_1/runme.log
[Fri Oct 20 19:38:59 2017] Launched impl_1...
Run output will be captured here: C:/Users/ongwk/Desktop/EE2020-Design-Project/audio_effects.runs/impl_1/runme.log
set_property PROBES.FILE {} [lindex [get_hw_devices] 0]
set_property PROGRAM.FILE {C:/Users/ongwk/Desktop/EE2020-Design-Project/audio_effects.runs/impl_1/AUDIO_FX_TOP.bit} [lindex [get_hw_devices] 0]
program_hw_devices [lindex [get_hw_devices] 0]
INFO: [Labtools 27-3164] End of startup status: HIGH
refresh_hw_device [lindex [get_hw_devices] 0]
INFO: [Labtools 27-1434] Device xc7a35t (JTAG device index = 0) is programmed with a design that has no supported debug core(s) in it.
WARNING: [Labtools 27-3123] The debug hub core was not detected at User Scan Chain 1 or 3.
Resolution: 
1. Make sure the clock connected to the debug hub (dbg_hub) core is a free running clock and is active OR
2. Manually launch hw_server with -e "set xsdb-user-bscan <C_USER_SCAN_CHAIN scan_chain_number>" to detect the debug hub at User Scan Chain of 2 or 4. To determine the user scan chain setting, open the implemented design and use: get_property C_USER_SCAN_CHAIN [get_debug_cores dbg_hub].
reset_run synth_1
launch_runs impl_1 -to_step write_bitstream -jobs 2
[Fri Oct 20 19:55:22 2017] Launched synth_1...
Run output will be captured here: C:/Users/ongwk/Desktop/EE2020-Design-Project/audio_effects.runs/synth_1/runme.log
[Fri Oct 20 19:55:22 2017] Launched impl_1...
Run output will be captured here: C:/Users/ongwk/Desktop/EE2020-Design-Project/audio_effects.runs/impl_1/runme.log
reset_run impl_1 -noclean_dir 
reset_run synth_1
launch_runs impl_1 -to_step write_bitstream -jobs 2
[Fri Oct 20 20:00:49 2017] Launched synth_1...
Run output will be captured here: C:/Users/ongwk/Desktop/EE2020-Design-Project/audio_effects.runs/synth_1/runme.log
[Fri Oct 20 20:00:49 2017] Launched impl_1...
Run output will be captured here: C:/Users/ongwk/Desktop/EE2020-Design-Project/audio_effects.runs/impl_1/runme.log
reset_run impl_1
reset_run synth_1
launch_runs impl_1 -to_step write_bitstream -jobs 2
[Fri Oct 20 20:02:16 2017] Launched synth_1...
Run output will be captured here: C:/Users/ongwk/Desktop/EE2020-Design-Project/audio_effects.runs/synth_1/runme.log
[Fri Oct 20 20:02:16 2017] Launched impl_1...
Run output will be captured here: C:/Users/ongwk/Desktop/EE2020-Design-Project/audio_effects.runs/impl_1/runme.log
reset_run synth_1
launch_runs impl_1 -to_step write_bitstream -jobs 2
[Fri Oct 20 20:02:44 2017] Launched synth_1...
Run output will be captured here: C:/Users/ongwk/Desktop/EE2020-Design-Project/audio_effects.runs/synth_1/runme.log
[Fri Oct 20 20:02:44 2017] Launched impl_1...
Run output will be captured here: C:/Users/ongwk/Desktop/EE2020-Design-Project/audio_effects.runs/impl_1/runme.log
set_property PROBES.FILE {} [lindex [get_hw_devices] 0]
set_property PROGRAM.FILE {C:/Users/ongwk/Desktop/EE2020-Design-Project/audio_effects.runs/impl_1/AUDIO_FX_TOP.bit} [lindex [get_hw_devices] 0]
program_hw_devices [lindex [get_hw_devices] 0]
INFO: [Labtools 27-3164] End of startup status: HIGH
refresh_hw_device [lindex [get_hw_devices] 0]
INFO: [Labtools 27-1434] Device xc7a35t (JTAG device index = 0) is programmed with a design that has no supported debug core(s) in it.
WARNING: [Labtools 27-3123] The debug hub core was not detected at User Scan Chain 1 or 3.
Resolution: 
1. Make sure the clock connected to the debug hub (dbg_hub) core is a free running clock and is active OR
2. Manually launch hw_server with -e "set xsdb-user-bscan <C_USER_SCAN_CHAIN scan_chain_number>" to detect the debug hub at User Scan Chain of 2 or 4. To determine the user scan chain setting, open the implemented design and use: get_property C_USER_SCAN_CHAIN [get_debug_cores dbg_hub].
reset_run synth_1
launch_runs impl_1 -to_step write_bitstream -jobs 2
[Fri Oct 20 20:05:21 2017] Launched synth_1...
Run output will be captured here: C:/Users/ongwk/Desktop/EE2020-Design-Project/audio_effects.runs/synth_1/runme.log
[Fri Oct 20 20:05:21 2017] Launched impl_1...
Run output will be captured here: C:/Users/ongwk/Desktop/EE2020-Design-Project/audio_effects.runs/impl_1/runme.log
close [ open C:/Users/ongwk/Desktop/EE2020-Design-Project/audio_effects.srcs/sources_1/new/melody_music.v w ]
add_files C:/Users/ongwk/Desktop/EE2020-Design-Project/audio_effects.srcs/sources_1/new/melody_music.v
update_compile_order -fileset sources_1
close [ open C:/Users/ongwk/Desktop/EE2020-Design-Project/audio_effects.srcs/sources_1/new/music_ROM.v w ]
add_files C:/Users/ongwk/Desktop/EE2020-Design-Project/audio_effects.srcs/sources_1/new/music_ROM.v
update_compile_order -fileset sources_1
close [ open C:/Users/ongwk/Desktop/EE2020-Design-Project/audio_effects.srcs/sources_1/new/divide_by_12.v w ]
add_files C:/Users/ongwk/Desktop/EE2020-Design-Project/audio_effects.srcs/sources_1/new/divide_by_12.v
update_compile_order -fileset sources_1
update_compile_order -fileset sources_1
reset_run synth_1
launch_runs impl_1 -to_step write_bitstream -jobs 2
[Fri Oct 20 20:23:45 2017] Launched synth_1...
Run output will be captured here: C:/Users/ongwk/Desktop/EE2020-Design-Project/audio_effects.runs/synth_1/runme.log
[Fri Oct 20 20:23:45 2017] Launched impl_1...
Run output will be captured here: C:/Users/ongwk/Desktop/EE2020-Design-Project/audio_effects.runs/impl_1/runme.log
reset_run impl_1
reset_run synth_1
launch_runs impl_1 -to_step write_bitstream -jobs 2
[Fri Oct 20 20:30:48 2017] Launched synth_1...
Run output will be captured here: C:/Users/ongwk/Desktop/EE2020-Design-Project/audio_effects.runs/synth_1/runme.log
[Fri Oct 20 20:30:48 2017] Launched impl_1...
Run output will be captured here: C:/Users/ongwk/Desktop/EE2020-Design-Project/audio_effects.runs/impl_1/runme.log
ERROR: [Labtoolstcl 44-513] HW Target shutdown. Closing target: localhost:3121/xilinx_tcf/Digilent/210183714161A
INFO: [Labtoolstcl 44-466] Opening hw_target localhost:3121/xilinx_tcf/Digilent/210183714161A
INFO: [Labtools 27-1434] Device xc7a35t (JTAG device index = 0) is programmed with a design that has no supported debug core(s) in it.
WARNING: [Labtools 27-3123] The debug hub core was not detected at User Scan Chain 1 or 3.
Resolution: 
1. Make sure the clock connected to the debug hub (dbg_hub) core is a free running clock and is active OR
2. Manually launch hw_server with -e "set xsdb-user-bscan <C_USER_SCAN_CHAIN scan_chain_number>" to detect the debug hub at User Scan Chain of 2 or 4. To determine the user scan chain setting, open the implemented design and use: get_property C_USER_SCAN_CHAIN [get_debug_cores dbg_hub].
set_property PROBES.FILE {} [lindex [get_hw_devices] 0]
set_property PROGRAM.FILE {C:/Users/ongwk/Desktop/EE2020-Design-Project/audio_effects.runs/impl_1/AUDIO_FX_TOP.bit} [lindex [get_hw_devices] 0]
program_hw_devices [lindex [get_hw_devices] 0]
INFO: [Labtools 27-3164] End of startup status: HIGH
refresh_hw_device [lindex [get_hw_devices] 0]
INFO: [Labtools 27-1434] Device xc7a35t (JTAG device index = 0) is programmed with a design that has no supported debug core(s) in it.
WARNING: [Labtools 27-3123] The debug hub core was not detected at User Scan Chain 1 or 3.
Resolution: 
1. Make sure the clock connected to the debug hub (dbg_hub) core is a free running clock and is active OR
2. Manually launch hw_server with -e "set xsdb-user-bscan <C_USER_SCAN_CHAIN scan_chain_number>" to detect the debug hub at User Scan Chain of 2 or 4. To determine the user scan chain setting, open the implemented design and use: get_property C_USER_SCAN_CHAIN [get_debug_cores dbg_hub].
reset_run synth_1
launch_runs impl_1 -to_step write_bitstream -jobs 2
[Fri Oct 20 20:34:38 2017] Launched synth_1...
Run output will be captured here: C:/Users/ongwk/Desktop/EE2020-Design-Project/audio_effects.runs/synth_1/runme.log
[Fri Oct 20 20:34:38 2017] Launched impl_1...
Run output will be captured here: C:/Users/ongwk/Desktop/EE2020-Design-Project/audio_effects.runs/impl_1/runme.log
reset_run synth_1
launch_runs impl_1 -to_step write_bitstream -jobs 2
[Fri Oct 20 20:34:50 2017] Launched synth_1...
Run output will be captured here: C:/Users/ongwk/Desktop/EE2020-Design-Project/audio_effects.runs/synth_1/runme.log
[Fri Oct 20 20:34:50 2017] Launched impl_1...
Run output will be captured here: C:/Users/ongwk/Desktop/EE2020-Design-Project/audio_effects.runs/impl_1/runme.log
reset_run synth_1
WARNING: [Vivado 12-1017] Problems encountered:
1. PID not specified

launch_runs impl_1 -to_step write_bitstream -jobs 2
[Fri Oct 20 20:34:52 2017] Launched synth_1...
Run output will be captured here: C:/Users/ongwk/Desktop/EE2020-Design-Project/audio_effects.runs/synth_1/runme.log
[Fri Oct 20 20:34:52 2017] Launched impl_1...
Run output will be captured here: C:/Users/ongwk/Desktop/EE2020-Design-Project/audio_effects.runs/impl_1/runme.log
set_property PROBES.FILE {} [lindex [get_hw_devices] 0]
set_property PROGRAM.FILE {C:/Users/ongwk/Desktop/EE2020-Design-Project/audio_effects.runs/impl_1/AUDIO_FX_TOP.bit} [lindex [get_hw_devices] 0]
program_hw_devices [lindex [get_hw_devices] 0]
INFO: [Labtools 27-3164] End of startup status: HIGH
refresh_hw_device [lindex [get_hw_devices] 0]
INFO: [Labtools 27-1434] Device xc7a35t (JTAG device index = 0) is programmed with a design that has no supported debug core(s) in it.
WARNING: [Labtools 27-3123] The debug hub core was not detected at User Scan Chain 1 or 3.
Resolution: 
1. Make sure the clock connected to the debug hub (dbg_hub) core is a free running clock and is active OR
2. Manually launch hw_server with -e "set xsdb-user-bscan <C_USER_SCAN_CHAIN scan_chain_number>" to detect the debug hub at User Scan Chain of 2 or 4. To determine the user scan chain setting, open the implemented design and use: get_property C_USER_SCAN_CHAIN [get_debug_cores dbg_hub].
reset_run synth_1
launch_runs impl_1 -to_step write_bitstream -jobs 2
[Fri Oct 20 20:38:55 2017] Launched synth_1...
Run output will be captured here: C:/Users/ongwk/Desktop/EE2020-Design-Project/audio_effects.runs/synth_1/runme.log
[Fri Oct 20 20:38:55 2017] Launched impl_1...
Run output will be captured here: C:/Users/ongwk/Desktop/EE2020-Design-Project/audio_effects.runs/impl_1/runme.log
set_property PROBES.FILE {} [lindex [get_hw_devices] 0]
set_property PROGRAM.FILE {C:/Users/ongwk/Desktop/EE2020-Design-Project/audio_effects.runs/impl_1/AUDIO_FX_TOP.bit} [lindex [get_hw_devices] 0]
program_hw_devices [lindex [get_hw_devices] 0]
INFO: [Labtools 27-3164] End of startup status: HIGH
refresh_hw_device [lindex [get_hw_devices] 0]
INFO: [Labtools 27-1434] Device xc7a35t (JTAG device index = 0) is programmed with a design that has no supported debug core(s) in it.
WARNING: [Labtools 27-3123] The debug hub core was not detected at User Scan Chain 1 or 3.
Resolution: 
1. Make sure the clock connected to the debug hub (dbg_hub) core is a free running clock and is active OR
2. Manually launch hw_server with -e "set xsdb-user-bscan <C_USER_SCAN_CHAIN scan_chain_number>" to detect the debug hub at User Scan Chain of 2 or 4. To determine the user scan chain setting, open the implemented design and use: get_property C_USER_SCAN_CHAIN [get_debug_cores dbg_hub].
create_ip -name dist_mem_gen -vendor xilinx.com -library ip -version 8.0 -module_name melody_ROM
set_property -dict [list CONFIG.depth {256} CONFIG.data_width {6} CONFIG.memory_type {rom} CONFIG.coefficient_file {C:/Users/ongwk/Desktop/EE2020-Design-Project/melody_data.coe}] [get_ips melody_ROM]
INFO: [IP_Flow 19-3484] Absolute path of file 'c:/Users/ongwk/Desktop/EE2020-Design-Project/melody_data.coe' provided. It will be converted relative to IP Instance files '../../../../melody_data.coe'
generate_target {instantiation_template} [get_files c:/Users/ongwk/Desktop/EE2020-Design-Project/audio_effects.srcs/sources_1/ip/melody_ROM/melody_ROM.xci]
INFO: [IP_Flow 19-1686] Generating 'Instantiation Template' target for IP 'melody_ROM'...
update_compile_order -fileset sources_1
generate_target all [get_files  c:/Users/ongwk/Desktop/EE2020-Design-Project/audio_effects.srcs/sources_1/ip/melody_ROM/melody_ROM.xci]
INFO: [IP_Flow 19-1686] Generating 'Synthesis' target for IP 'melody_ROM'...
INFO: [IP_Flow 19-1686] Generating 'Simulation' target for IP 'melody_ROM'...
INFO: [IP_Flow 19-1686] Generating 'Change Log' target for IP 'melody_ROM'...
export_ip_user_files -of_objects [get_files c:/Users/ongwk/Desktop/EE2020-Design-Project/audio_effects.srcs/sources_1/ip/melody_ROM/melody_ROM.xci] -no_script -force -quiet
create_ip_run [get_files -of_objects [get_fileset sources_1] c:/Users/ongwk/Desktop/EE2020-Design-Project/audio_effects.srcs/sources_1/ip/melody_ROM/melody_ROM.xci]
launch_run -jobs 2 melody_ROM_synth_1
[Fri Oct 20 20:44:38 2017] Launched melody_ROM_synth_1...
Run output will be captured here: C:/Users/ongwk/Desktop/EE2020-Design-Project/audio_effects.runs/melody_ROM_synth_1/runme.log
export_simulation -of_objects [get_files c:/Users/ongwk/Desktop/EE2020-Design-Project/audio_effects.srcs/sources_1/ip/melody_ROM/melody_ROM.xci] -directory C:/Users/ongwk/Desktop/EE2020-Design-Project/audio_effects.ip_user_files/sim_scripts -ip_user_files_dir C:/Users/ongwk/Desktop/EE2020-Design-Project/audio_effects.ip_user_files -ipstatic_source_dir C:/Users/ongwk/Desktop/EE2020-Design-Project/audio_effects.ip_user_files/ipstatic -force -quiet
close [ open C:/Users/ongwk/Desktop/EE2020-Design-Project/audio_effects.srcs/sources_1/new/melody.v w ]
add_files C:/Users/ongwk/Desktop/EE2020-Design-Project/audio_effects.srcs/sources_1/new/melody.v
update_compile_order -fileset sources_1
update_compile_order -fileset sources_1
reset_run synth_1
launch_runs impl_1 -to_step write_bitstream -jobs 2
[Fri Oct 20 20:48:29 2017] Launched synth_1...
Run output will be captured here: C:/Users/ongwk/Desktop/EE2020-Design-Project/audio_effects.runs/synth_1/runme.log
[Fri Oct 20 20:48:29 2017] Launched impl_1...
Run output will be captured here: C:/Users/ongwk/Desktop/EE2020-Design-Project/audio_effects.runs/impl_1/runme.log
set_property PROBES.FILE {} [lindex [get_hw_devices] 0]
set_property PROGRAM.FILE {C:/Users/ongwk/Desktop/EE2020-Design-Project/audio_effects.runs/impl_1/AUDIO_FX_TOP.bit} [lindex [get_hw_devices] 0]
program_hw_devices [lindex [get_hw_devices] 0]
INFO: [Labtools 27-3164] End of startup status: HIGH
refresh_hw_device [lindex [get_hw_devices] 0]
INFO: [Labtools 27-1434] Device xc7a35t (JTAG device index = 0) is programmed with a design that has no supported debug core(s) in it.
WARNING: [Labtools 27-3123] The debug hub core was not detected at User Scan Chain 1 or 3.
Resolution: 
1. Make sure the clock connected to the debug hub (dbg_hub) core is a free running clock and is active OR
2. Manually launch hw_server with -e "set xsdb-user-bscan <C_USER_SCAN_CHAIN scan_chain_number>" to detect the debug hub at User Scan Chain of 2 or 4. To determine the user scan chain setting, open the implemented design and use: get_property C_USER_SCAN_CHAIN [get_debug_cores dbg_hub].
reset_run synth_1
launch_runs impl_1 -to_step write_bitstream -jobs 2
[Fri Oct 20 20:51:18 2017] Launched synth_1...
Run output will be captured here: C:/Users/ongwk/Desktop/EE2020-Design-Project/audio_effects.runs/synth_1/runme.log
[Fri Oct 20 20:51:18 2017] Launched impl_1...
Run output will be captured here: C:/Users/ongwk/Desktop/EE2020-Design-Project/audio_effects.runs/impl_1/runme.log
set_property PROBES.FILE {} [lindex [get_hw_devices] 0]
set_property PROGRAM.FILE {C:/Users/ongwk/Desktop/EE2020-Design-Project/audio_effects.runs/impl_1/AUDIO_FX_TOP.bit} [lindex [get_hw_devices] 0]
program_hw_devices [lindex [get_hw_devices] 0]
INFO: [Labtools 27-3164] End of startup status: HIGH
refresh_hw_device [lindex [get_hw_devices] 0]
INFO: [Labtools 27-1434] Device xc7a35t (JTAG device index = 0) is programmed with a design that has no supported debug core(s) in it.
WARNING: [Labtools 27-3123] The debug hub core was not detected at User Scan Chain 1 or 3.
Resolution: 
1. Make sure the clock connected to the debug hub (dbg_hub) core is a free running clock and is active OR
2. Manually launch hw_server with -e "set xsdb-user-bscan <C_USER_SCAN_CHAIN scan_chain_number>" to detect the debug hub at User Scan Chain of 2 or 4. To determine the user scan chain setting, open the implemented design and use: get_property C_USER_SCAN_CHAIN [get_debug_cores dbg_hub].
remove_files -fileset melody_ROM c:/Users/ongwk/Desktop/EE2020-Design-Project/audio_effects.srcs/sources_1/ip/melody_ROM/melody_ROM.xci
INFO: [Project 1-386] Moving file 'c:/Users/ongwk/Desktop/EE2020-Design-Project/audio_effects.srcs/sources_1/ip/melody_ROM/melody_ROM.xci' from fileset 'melody_ROM' to fileset 'sources_1'.
file delete -force c:/Users/ongwk/Desktop/EE2020-Design-Project/audio_effects.srcs/sources_1/ip/melody_ROM
file delete -force C:/Users/ongwk/Desktop/EE2020-Design-Project/audio_effects.ip_user_files/ip/melody_ROM C:/Users/ongwk/Desktop/EE2020-Design-Project/audio_effects.ip_user_files/sim_scripts/melody_ROM
remove_files c:/Users/ongwk/Desktop/EE2020-Design-Project/melody_data.coe
remove_files C:/Users/ongwk/Desktop/EE2020-Design-Project/audio_effects.srcs/sources_1/new/melody.v
file delete -force C:/Users/ongwk/Desktop/EE2020-Design-Project/audio_effects.srcs/sources_1/new/melody.v
update_compile_order -fileset sources_1
reset_run synth_1
launch_runs impl_1 -to_step write_bitstream -jobs 2
[Fri Oct 20 20:55:13 2017] Launched synth_1...
Run output will be captured here: C:/Users/ongwk/Desktop/EE2020-Design-Project/audio_effects.runs/synth_1/runme.log
[Fri Oct 20 20:55:13 2017] Launched impl_1...
Run output will be captured here: C:/Users/ongwk/Desktop/EE2020-Design-Project/audio_effects.runs/impl_1/runme.log
set_property PROBES.FILE {} [lindex [get_hw_devices] 0]
set_property PROGRAM.FILE {C:/Users/ongwk/Desktop/EE2020-Design-Project/audio_effects.runs/impl_1/AUDIO_FX_TOP.bit} [lindex [get_hw_devices] 0]
program_hw_devices [lindex [get_hw_devices] 0]
INFO: [Labtools 27-3164] End of startup status: HIGH
refresh_hw_device [lindex [get_hw_devices] 0]
INFO: [Labtools 27-1434] Device xc7a35t (JTAG device index = 0) is programmed with a design that has no supported debug core(s) in it.
WARNING: [Labtools 27-3123] The debug hub core was not detected at User Scan Chain 1 or 3.
Resolution: 
1. Make sure the clock connected to the debug hub (dbg_hub) core is a free running clock and is active OR
2. Manually launch hw_server with -e "set xsdb-user-bscan <C_USER_SCAN_CHAIN scan_chain_number>" to detect the debug hub at User Scan Chain of 2 or 4. To determine the user scan chain setting, open the implemented design and use: get_property C_USER_SCAN_CHAIN [get_debug_cores dbg_hub].
ERROR: [Labtoolstcl 44-513] HW Target shutdown. Closing target: localhost:3121/xilinx_tcf/Digilent/210183714161A
remove_files C:/Users/ongwk/Desktop/EE2020-Design-Project/audio_effects.srcs/sources_1/new/divide_by_12.v
file delete -force C:/Users/ongwk/Desktop/EE2020-Design-Project/audio_effects.srcs/sources_1/new/divide_by_12.v
remove_files C:/Users/ongwk/Desktop/EE2020-Design-Project/audio_effects.srcs/sources_1/new/music_ROM.v
file delete -force C:/Users/ongwk/Desktop/EE2020-Design-Project/audio_effects.srcs/sources_1/new/music_ROM.v
remove_files C:/Users/ongwk/Desktop/EE2020-Design-Project/audio_effects.srcs/sources_1/new/melody_music.v
file delete -force C:/Users/ongwk/Desktop/EE2020-Design-Project/audio_effects.srcs/sources_1/new/melody_music.v
close [ open C:/Users/ongwk/Desktop/EE2020-Design-Project/audio_effects.srcs/sources_1/new/melody_music.v w ]
add_files C:/Users/ongwk/Desktop/EE2020-Design-Project/audio_effects.srcs/sources_1/new/melody_music.v
update_compile_order -fileset sources_1
update_compile_order -fileset sources_1
update_compile_order -fileset sources_1
update_compile_order -fileset sim_1
update_compile_order -fileset sources_1
update_compile_order -fileset sources_1
update_compile_order -fileset sim_1
update_compile_order -fileset sources_1
reset_run synth_1
launch_runs impl_1 -to_step write_bitstream -jobs 2
[Fri Oct 20 21:44:03 2017] Launched synth_1...
Run output will be captured here: C:/Users/ongwk/Desktop/EE2020-Design-Project/audio_effects.runs/synth_1/runme.log
[Fri Oct 20 21:44:03 2017] Launched impl_1...
Run output will be captured here: C:/Users/ongwk/Desktop/EE2020-Design-Project/audio_effects.runs/impl_1/runme.log
reset_run synth_1
launch_runs impl_1 -jobs 2
[Fri Oct 20 21:46:37 2017] Launched synth_1...
Run output will be captured here: C:/Users/ongwk/Desktop/EE2020-Design-Project/audio_effects.runs/synth_1/runme.log
[Fri Oct 20 21:46:37 2017] Launched impl_1...
Run output will be captured here: C:/Users/ongwk/Desktop/EE2020-Design-Project/audio_effects.runs/impl_1/runme.log
open_run impl_1
INFO: [Netlist 29-17] Analyzing 69 Unisim elements for replacement
INFO: [Netlist 29-28] Unisim Transformation completed in 0 CPU seconds
INFO: [Project 1-479] Netlist was created with Vivado 2016.2
INFO: [Device 21-403] Loading part xc7a35tcpg236-1
INFO: [Common 17-41] Interrupt caught. Command should exit soon.
INFO: [Common 17-344] 'open_run' was cancelled
launch_runs impl_1 -to_step write_bitstream -jobs 2
[Fri Oct 20 21:48:24 2017] Launched impl_1...
Run output will be captured here: C:/Users/ongwk/Desktop/EE2020-Design-Project/audio_effects.runs/impl_1/runme.log
update_compile_order -fileset sources_1
reset_run synth_1
launch_runs impl_1 -to_step write_bitstream -jobs 2
[Fri Oct 20 21:50:13 2017] Launched synth_1...
Run output will be captured here: C:/Users/ongwk/Desktop/EE2020-Design-Project/audio_effects.runs/synth_1/runme.log
[Fri Oct 20 21:50:13 2017] Launched impl_1...
Run output will be captured here: C:/Users/ongwk/Desktop/EE2020-Design-Project/audio_effects.runs/impl_1/runme.log
disconnect_hw_server localhost:3121
connect_hw_server
INFO: [Labtools 27-2285] Connecting to hw_server url TCP:localhost:3121
open_hw_target
INFO: [Labtoolstcl 44-466] Opening hw_target localhost:3121/xilinx_tcf/Digilent/210183714161A
current_hw_device [lindex [get_hw_devices] 0]
refresh_hw_device -update_hw_probes false [lindex [get_hw_devices] 0]
INFO: [Labtools 27-1434] Device xc7a35t (JTAG device index = 0) is programmed with a design that has no supported debug core(s) in it.
WARNING: [Labtools 27-3123] The debug hub core was not detected at User Scan Chain 1 or 3.
Resolution: 
1. Make sure the clock connected to the debug hub (dbg_hub) core is a free running clock and is active OR
2. Manually launch hw_server with -e "set xsdb-user-bscan <C_USER_SCAN_CHAIN scan_chain_number>" to detect the debug hub at User Scan Chain of 2 or 4. To determine the user scan chain setting, open the implemented design and use: get_property C_USER_SCAN_CHAIN [get_debug_cores dbg_hub].
reset_run impl_1 -prev_step 
launch_runs impl_1 -to_step write_bitstream -jobs 2
[Fri Oct 20 21:52:28 2017] Launched impl_1...
Run output will be captured here: C:/Users/ongwk/Desktop/EE2020-Design-Project/audio_effects.runs/impl_1/runme.log
synth_design -rtl -name rtl_1
Command: synth_design -rtl -name rtl_1
Starting synth_design
Using part: xc7a35tcpg236-1
Top: AUDIO_FX_TOP
---------------------------------------------------------------------------------
Starting RTL Elaboration : Time (s): cpu = 00:08:44 ; elapsed = 03:22:44 . Memory (MB): peak = 1171.293 ; gain = 964.641
---------------------------------------------------------------------------------
INFO: [Synth 8-638] synthesizing module 'AUDIO_FX_TOP' [C:/Users/ongwk/Desktop/EE2020-Design-Project/audio_effects.srcs/sources_1/new/AUDIO_FX_TOP.v:14]
INFO: [Synth 8-638] synthesizing module 'clk_divider' [C:/Users/ongwk/Desktop/EE2020-Design-Project/audio_effects.srcs/sources_1/new/clk_divider.v:23]
INFO: [Synth 8-256] done synthesizing module 'clk_divider' (1#1) [C:/Users/ongwk/Desktop/EE2020-Design-Project/audio_effects.srcs/sources_1/new/clk_divider.v:23]
INFO: [Synth 8-638] synthesizing module 'SPI' [C:/Users/ongwk/Desktop/EE2020-Design-Project/audio_effects.srcs/sources_1/new/SPI.v:20]
INFO: [Synth 8-256] done synthesizing module 'SPI' (2#1) [C:/Users/ongwk/Desktop/EE2020-Design-Project/audio_effects.srcs/sources_1/new/SPI.v:20]
INFO: [Synth 8-638] synthesizing module 'note_sound' [C:/Users/ongwk/Desktop/EE2020-Design-Project/audio_effects.srcs/sources_1/new/note_sound.v:22]
WARNING: [Synth 8-689] width (12) of port connection 'SLW_CLK' does not match port width (1) of module 'clk_divider' [C:/Users/ongwk/Desktop/EE2020-Design-Project/audio_effects.srcs/sources_1/new/note_sound.v:52]
INFO: [Synth 8-256] done synthesizing module 'note_sound' (3#1) [C:/Users/ongwk/Desktop/EE2020-Design-Project/audio_effects.srcs/sources_1/new/note_sound.v:22]
WARNING: [Synth 8-689] width (4) of port connection 'NOTELED' does not match port width (5) of module 'note_sound' [C:/Users/ongwk/Desktop/EE2020-Design-Project/audio_effects.srcs/sources_1/new/AUDIO_FX_TOP.v:64]
INFO: [Synth 8-638] synthesizing module 'note_music' [C:/Users/ongwk/Desktop/EE2020-Design-Project/audio_effects.srcs/sources_1/new/note_music.v:22]
INFO: [Synth 8-256] done synthesizing module 'note_music' (4#1) [C:/Users/ongwk/Desktop/EE2020-Design-Project/audio_effects.srcs/sources_1/new/note_music.v:22]
INFO: [Synth 8-638] synthesizing module 'audio' [C:/Users/ongwk/Desktop/EE2020-Design-Project/audio_effects.srcs/sources_1/new/audio.v:23]
INFO: [Synth 8-638] synthesizing module 'hello_ROM' [C:/Users/ongwk/Desktop/EE2020-Design-Project/.Xil/Vivado-13384-weikang/realtime/hello_ROM_stub.v:6]
INFO: [Synth 8-256] done synthesizing module 'hello_ROM' (5#1) [C:/Users/ongwk/Desktop/EE2020-Design-Project/.Xil/Vivado-13384-weikang/realtime/hello_ROM_stub.v:6]
INFO: [Synth 8-256] done synthesizing module 'audio' (6#1) [C:/Users/ongwk/Desktop/EE2020-Design-Project/audio_effects.srcs/sources_1/new/audio.v:23]
INFO: [Synth 8-638] synthesizing module 'MIC_delay' [C:/Users/ongwk/Desktop/EE2020-Design-Project/audio_effects.srcs/sources_1/new/MIC_delay.v:23]
INFO: [Synth 8-256] done synthesizing module 'MIC_delay' (7#1) [C:/Users/ongwk/Desktop/EE2020-Design-Project/audio_effects.srcs/sources_1/new/MIC_delay.v:23]
INFO: [Synth 8-638] synthesizing module 'DA2RefComp' [C:/Users/ongwk/Desktop/EE2020-Design-Project/audio_effects.srcs/sources_1/imports/audio_effects.srcs/DA2CompRef.vhd:59]
INFO: [Synth 8-256] done synthesizing module 'DA2RefComp' (8#1) [C:/Users/ongwk/Desktop/EE2020-Design-Project/audio_effects.srcs/sources_1/imports/audio_effects.srcs/DA2CompRef.vhd:59]
WARNING: [Synth 8-3848] Net melody_music_out in module/entity AUDIO_FX_TOP does not have driver. [C:/Users/ongwk/Desktop/EE2020-Design-Project/audio_effects.srcs/sources_1/new/AUDIO_FX_TOP.v:56]
WARNING: [Synth 8-3848] Net melody_music_LED in module/entity AUDIO_FX_TOP does not have driver. [C:/Users/ongwk/Desktop/EE2020-Design-Project/audio_effects.srcs/sources_1/new/AUDIO_FX_TOP.v:57]
WARNING: [Synth 8-3848] Net clk in module/entity AUDIO_FX_TOP does not have driver. [C:/Users/ongwk/Desktop/EE2020-Design-Project/audio_effects.srcs/sources_1/new/AUDIO_FX_TOP.v:68]
INFO: [Synth 8-256] done synthesizing module 'AUDIO_FX_TOP' (9#1) [C:/Users/ongwk/Desktop/EE2020-Design-Project/audio_effects.srcs/sources_1/new/AUDIO_FX_TOP.v:14]
---------------------------------------------------------------------------------
Finished RTL Elaboration : Time (s): cpu = 00:08:45 ; elapsed = 03:22:45 . Memory (MB): peak = 1199.285 ; gain = 992.633
---------------------------------------------------------------------------------

Report Check Netlist: 
+------+------------------+-------+---------+-------+------------------+
|      |Item              |Errors |Warnings |Status |Description       |
+------+------------------+-------+---------+-------+------------------+
|1     |multi_driven_nets |      0|        0|Passed |Multi driven nets |
+------+------------------+-------+---------+-------+------------------+
WARNING: [Synth 8-3295] tying undriven pin MIC_delay:CLK to constant 0 [C:/Users/ongwk/Desktop/EE2020-Design-Project/audio_effects.srcs/sources_1/new/AUDIO_FX_TOP.v:68]
WARNING: [Synth 8-3295] tying undriven pin u2:DATA2[11] to constant 0 [C:/Users/ongwk/Desktop/EE2020-Design-Project/audio_effects.srcs/sources_1/new/AUDIO_FX_TOP.v:78]
WARNING: [Synth 8-3295] tying undriven pin u2:DATA2[10] to constant 0 [C:/Users/ongwk/Desktop/EE2020-Design-Project/audio_effects.srcs/sources_1/new/AUDIO_FX_TOP.v:78]
WARNING: [Synth 8-3295] tying undriven pin u2:DATA2[9] to constant 0 [C:/Users/ongwk/Desktop/EE2020-Design-Project/audio_effects.srcs/sources_1/new/AUDIO_FX_TOP.v:78]
WARNING: [Synth 8-3295] tying undriven pin u2:DATA2[8] to constant 0 [C:/Users/ongwk/Desktop/EE2020-Design-Project/audio_effects.srcs/sources_1/new/AUDIO_FX_TOP.v:78]
WARNING: [Synth 8-3295] tying undriven pin u2:DATA2[7] to constant 0 [C:/Users/ongwk/Desktop/EE2020-Design-Project/audio_effects.srcs/sources_1/new/AUDIO_FX_TOP.v:78]
WARNING: [Synth 8-3295] tying undriven pin u2:DATA2[6] to constant 0 [C:/Users/ongwk/Desktop/EE2020-Design-Project/audio_effects.srcs/sources_1/new/AUDIO_FX_TOP.v:78]
WARNING: [Synth 8-3295] tying undriven pin u2:DATA2[5] to constant 0 [C:/Users/ongwk/Desktop/EE2020-Design-Project/audio_effects.srcs/sources_1/new/AUDIO_FX_TOP.v:78]
WARNING: [Synth 8-3295] tying undriven pin u2:DATA2[4] to constant 0 [C:/Users/ongwk/Desktop/EE2020-Design-Project/audio_effects.srcs/sources_1/new/AUDIO_FX_TOP.v:78]
WARNING: [Synth 8-3295] tying undriven pin u2:DATA2[3] to constant 0 [C:/Users/ongwk/Desktop/EE2020-Design-Project/audio_effects.srcs/sources_1/new/AUDIO_FX_TOP.v:78]
WARNING: [Synth 8-3295] tying undriven pin u2:DATA2[2] to constant 0 [C:/Users/ongwk/Desktop/EE2020-Design-Project/audio_effects.srcs/sources_1/new/AUDIO_FX_TOP.v:78]
WARNING: [Synth 8-3295] tying undriven pin u2:DATA2[1] to constant 0 [C:/Users/ongwk/Desktop/EE2020-Design-Project/audio_effects.srcs/sources_1/new/AUDIO_FX_TOP.v:78]
WARNING: [Synth 8-3295] tying undriven pin u2:DATA2[0] to constant 0 [C:/Users/ongwk/Desktop/EE2020-Design-Project/audio_effects.srcs/sources_1/new/AUDIO_FX_TOP.v:78]
---------------------------------------------------------------------------------
Finished RTL Optimization Phase 1 : Time (s): cpu = 00:08:45 ; elapsed = 03:22:45 . Memory (MB): peak = 1199.285 ; gain = 992.633
---------------------------------------------------------------------------------
INFO: [Project 1-454] Reading design checkpoint 'c:/Users/ongwk/Desktop/EE2020-Design-Project/audio_effects.srcs/sources_1/ip/hello_ROM/hello_ROM.dcp' for cell 'hello_sample/hello_ROM'
INFO: [Project 1-479] Netlist was created with Vivado 2016.2
INFO: [Project 1-570] Preparing netlist for logic optimization

Processing XDC Constraints
Initializing timing engine
Parsing XDC File [C:/Users/ongwk/Desktop/EE2020-Design-Project/audio_effects.srcs/constrs_1/imports/Learn/Basys3_Master.xdc]
Finished Parsing XDC File [C:/Users/ongwk/Desktop/EE2020-Design-Project/audio_effects.srcs/constrs_1/imports/Learn/Basys3_Master.xdc]
Completed Processing XDC Constraints

INFO: [Opt 31-138] Pushed 0 inverter(s) to 0 load pin(s).
INFO: [Project 1-111] Unisim Transformation Summary:
No Unisim elements were transformed.

RTL Elaboration Complete:  : Time (s): cpu = 00:08:54 ; elapsed = 03:22:54 . Memory (MB): peak = 1366.961 ; gain = 1160.309
23 Infos, 18 Warnings, 0 Critical Warnings and 0 Errors encountered.
synth_design completed successfully
synth_design: Time (s): cpu = 00:00:15 ; elapsed = 00:00:14 . Memory (MB): peak = 1366.961 ; gain = 257.402
update_compile_order -fileset sources_1
ERROR: [Labtoolstcl 44-513] HW Target shutdown. Closing target: localhost:3121/xilinx_tcf/Digilent/210183714161A
INFO: [Labtoolstcl 44-466] Opening hw_target localhost:3121/xilinx_tcf/Digilent/210183714161A
INFO: [Labtools 27-1434] Device xc7a35t (JTAG device index = 0) is programmed with a design that has no supported debug core(s) in it.
WARNING: [Labtools 27-3123] The debug hub core was not detected at User Scan Chain 1 or 3.
Resolution: 
1. Make sure the clock connected to the debug hub (dbg_hub) core is a free running clock and is active OR
2. Manually launch hw_server with -e "set xsdb-user-bscan <C_USER_SCAN_CHAIN scan_chain_number>" to detect the debug hub at User Scan Chain of 2 or 4. To determine the user scan chain setting, open the implemented design and use: get_property C_USER_SCAN_CHAIN [get_debug_cores dbg_hub].
reset_run synth_1
launch_runs impl_1 -to_step write_bitstream -jobs 2
[Fri Oct 20 22:01:19 2017] Launched synth_1...
Run output will be captured here: C:/Users/ongwk/Desktop/EE2020-Design-Project/audio_effects.runs/synth_1/runme.log
[Fri Oct 20 22:01:19 2017] Launched impl_1...
Run output will be captured here: C:/Users/ongwk/Desktop/EE2020-Design-Project/audio_effects.runs/impl_1/runme.log
ERROR: [Labtoolstcl 44-513] HW Target shutdown. Closing target: localhost:3121/xilinx_tcf/Digilent/210183714161A
INFO: [Labtoolstcl 44-466] Opening hw_target localhost:3121/xilinx_tcf/Digilent/210183714161A
INFO: [Labtools 27-1434] Device xc7a35t (JTAG device index = 0) is programmed with a design that has no supported debug core(s) in it.
WARNING: [Labtools 27-3123] The debug hub core was not detected at User Scan Chain 1 or 3.
Resolution: 
1. Make sure the clock connected to the debug hub (dbg_hub) core is a free running clock and is active OR
2. Manually launch hw_server with -e "set xsdb-user-bscan <C_USER_SCAN_CHAIN scan_chain_number>" to detect the debug hub at User Scan Chain of 2 or 4. To determine the user scan chain setting, open the implemented design and use: get_property C_USER_SCAN_CHAIN [get_debug_cores dbg_hub].
ERROR: [Labtoolstcl 44-513] HW Target shutdown. Closing target: localhost:3121/xilinx_tcf/Digilent/210183714161A
INFO: [Labtoolstcl 44-466] Opening hw_target localhost:3121/xilinx_tcf/Digilent/210183714161A
INFO: [Labtools 27-1434] Device xc7a35t (JTAG device index = 0) is programmed with a design that has no supported debug core(s) in it.
WARNING: [Labtools 27-3123] The debug hub core was not detected at User Scan Chain 1 or 3.
Resolution: 
1. Make sure the clock connected to the debug hub (dbg_hub) core is a free running clock and is active OR
2. Manually launch hw_server with -e "set xsdb-user-bscan <C_USER_SCAN_CHAIN scan_chain_number>" to detect the debug hub at User Scan Chain of 2 or 4. To determine the user scan chain setting, open the implemented design and use: get_property C_USER_SCAN_CHAIN [get_debug_cores dbg_hub].
ERROR: [Labtoolstcl 44-513] HW Target shutdown. Closing target: localhost:3121/xilinx_tcf/Digilent/210183714161A
INFO: [Labtoolstcl 44-466] Opening hw_target localhost:3121/xilinx_tcf/Digilent/210183714161A
INFO: [Labtools 27-1434] Device xc7a35t (JTAG device index = 0) is programmed with a design that has no supported debug core(s) in it.
WARNING: [Labtools 27-3123] The debug hub core was not detected at User Scan Chain 1 or 3.
Resolution: 
1. Make sure the clock connected to the debug hub (dbg_hub) core is a free running clock and is active OR
2. Manually launch hw_server with -e "set xsdb-user-bscan <C_USER_SCAN_CHAIN scan_chain_number>" to detect the debug hub at User Scan Chain of 2 or 4. To determine the user scan chain setting, open the implemented design and use: get_property C_USER_SCAN_CHAIN [get_debug_cores dbg_hub].
reset_run impl_1 -prev_step 
launch_runs impl_1 -to_step write_bitstream -jobs 2
WARNING: [Vivado 12-872] Run step 'Design Initialization' is out-of-date.
[Fri Oct 20 22:03:53 2017] Launched impl_1...
Run output will be captured here: C:/Users/ongwk/Desktop/EE2020-Design-Project/audio_effects.runs/impl_1/runme.log
update_compile_order -fileset sources_1
open_run synth_1 -name synth_1
Design is defaulting to impl run constrset: constrs_1
Design is defaulting to synth run part: xc7a35tcpg236-1
INFO: [Netlist 29-17] Analyzing 69 Unisim elements for replacement
INFO: [Netlist 29-28] Unisim Transformation completed in 0 CPU seconds
INFO: [Project 1-479] Netlist was created with Vivado 2016.2
INFO: [Project 1-570] Preparing netlist for logic optimization
Parsing XDC File [C:/Users/ongwk/Desktop/EE2020-Design-Project/audio_effects.srcs/constrs_1/imports/Learn/Basys3_Master.xdc]
Finished Parsing XDC File [C:/Users/ongwk/Desktop/EE2020-Design-Project/audio_effects.srcs/constrs_1/imports/Learn/Basys3_Master.xdc]
INFO: [Opt 31-138] Pushed 0 inverter(s) to 0 load pin(s).
CRITICAL WARNING: [Project 1-486] Could not resolve non-primitive black box cell 'hello_ROM' instantiated as 'hello_sample/hello_ROM' [C:/Users/ongwk/Desktop/EE2020-Design-Project/audio_effects.srcs/sources_1/new/audio.v:42]
INFO: [Project 1-111] Unisim Transformation Summary:
No Unisim elements were transformed.

current_design rtl_1
reset_run synth_1
launch_runs impl_1 -to_step write_bitstream -jobs 2
WARNING: [Project 1-478] Design 'synth_1' is stale and will not be used when launching 'impl_1'
[Fri Oct 20 22:06:52 2017] Launched synth_1...
Run output will be captured here: C:/Users/ongwk/Desktop/EE2020-Design-Project/audio_effects.runs/synth_1/runme.log
[Fri Oct 20 22:06:52 2017] Launched impl_1...
Run output will be captured here: C:/Users/ongwk/Desktop/EE2020-Design-Project/audio_effects.runs/impl_1/runme.log
update_compile_order -fileset sources_1
reset_run synth_1
launch_runs impl_1 -to_step write_bitstream -jobs 2
WARNING: [Project 1-478] Design 'synth_1' is stale and will not be used when launching 'impl_1'
[Fri Oct 20 22:09:42 2017] Launched synth_1...
Run output will be captured here: C:/Users/ongwk/Desktop/EE2020-Design-Project/audio_effects.runs/synth_1/runme.log
[Fri Oct 20 22:09:42 2017] Launched impl_1...
Run output will be captured here: C:/Users/ongwk/Desktop/EE2020-Design-Project/audio_effects.runs/impl_1/runme.log
reset_run synth_1
launch_runs impl_1 -to_step write_bitstream -jobs 2
WARNING: [Project 1-478] Design 'synth_1' is stale and will not be used when launching 'impl_1'
[Fri Oct 20 22:13:30 2017] Launched synth_1...
Run output will be captured here: C:/Users/ongwk/Desktop/EE2020-Design-Project/audio_effects.runs/synth_1/runme.log
[Fri Oct 20 22:13:30 2017] Launched impl_1...
Run output will be captured here: C:/Users/ongwk/Desktop/EE2020-Design-Project/audio_effects.runs/impl_1/runme.log
reset_run impl_1 -prev_step 
launch_runs impl_1 -to_step write_bitstream -jobs 2
[Fri Oct 20 22:18:06 2017] Launched impl_1...
Run output will be captured here: C:/Users/ongwk/Desktop/EE2020-Design-Project/audio_effects.runs/impl_1/runme.log
reset_run synth_1
launch_runs impl_1 -to_step write_bitstream -jobs 2
WARNING: [Project 1-478] Design 'synth_1' is stale and will not be used when launching 'impl_1'
[Fri Oct 20 22:20:16 2017] Launched synth_1...
Run output will be captured here: C:/Users/ongwk/Desktop/EE2020-Design-Project/audio_effects.runs/synth_1/runme.log
[Fri Oct 20 22:20:16 2017] Launched impl_1...
Run output will be captured here: C:/Users/ongwk/Desktop/EE2020-Design-Project/audio_effects.runs/impl_1/runme.log
set_property PROBES.FILE {} [lindex [get_hw_devices] 0]
set_property PROGRAM.FILE {C:/Users/ongwk/Desktop/EE2020-Design-Project/audio_effects.runs/impl_1/AUDIO_FX_TOP.bit} [lindex [get_hw_devices] 0]
program_hw_devices [lindex [get_hw_devices] 0]
INFO: [Labtools 27-3164] End of startup status: HIGH
refresh_hw_device [lindex [get_hw_devices] 0]
INFO: [Labtools 27-1434] Device xc7a35t (JTAG device index = 0) is programmed with a design that has no supported debug core(s) in it.
WARNING: [Labtools 27-3123] The debug hub core was not detected at User Scan Chain 1 or 3.
Resolution: 
1. Make sure the clock connected to the debug hub (dbg_hub) core is a free running clock and is active OR
2. Manually launch hw_server with -e "set xsdb-user-bscan <C_USER_SCAN_CHAIN scan_chain_number>" to detect the debug hub at User Scan Chain of 2 or 4. To determine the user scan chain setting, open the implemented design and use: get_property C_USER_SCAN_CHAIN [get_debug_cores dbg_hub].
reset_run synth_1
launch_runs impl_1 -to_step write_bitstream -jobs 2
WARNING: [Project 1-478] Design 'synth_1' is stale and will not be used when launching 'impl_1'
[Fri Oct 20 22:25:06 2017] Launched synth_1...
Run output will be captured here: C:/Users/ongwk/Desktop/EE2020-Design-Project/audio_effects.runs/synth_1/runme.log
[Fri Oct 20 22:25:06 2017] Launched impl_1...
Run output will be captured here: C:/Users/ongwk/Desktop/EE2020-Design-Project/audio_effects.runs/impl_1/runme.log
set_property PROBES.FILE {} [lindex [get_hw_devices] 0]
set_property PROGRAM.FILE {C:/Users/ongwk/Desktop/EE2020-Design-Project/audio_effects.runs/impl_1/AUDIO_FX_TOP.bit} [lindex [get_hw_devices] 0]
program_hw_devices [lindex [get_hw_devices] 0]
INFO: [Labtools 27-3164] End of startup status: HIGH
refresh_hw_device [lindex [get_hw_devices] 0]
INFO: [Labtools 27-1434] Device xc7a35t (JTAG device index = 0) is programmed with a design that has no supported debug core(s) in it.
WARNING: [Labtools 27-3123] The debug hub core was not detected at User Scan Chain 1 or 3.
Resolution: 
1. Make sure the clock connected to the debug hub (dbg_hub) core is a free running clock and is active OR
2. Manually launch hw_server with -e "set xsdb-user-bscan <C_USER_SCAN_CHAIN scan_chain_number>" to detect the debug hub at User Scan Chain of 2 or 4. To determine the user scan chain setting, open the implemented design and use: get_property C_USER_SCAN_CHAIN [get_debug_cores dbg_hub].
reset_run synth_1
launch_runs impl_1 -to_step write_bitstream -jobs 2
WARNING: [Project 1-478] Design 'synth_1' is stale and will not be used when launching 'impl_1'
[Fri Oct 20 22:29:34 2017] Launched synth_1...
Run output will be captured here: C:/Users/ongwk/Desktop/EE2020-Design-Project/audio_effects.runs/synth_1/runme.log
[Fri Oct 20 22:29:34 2017] Launched impl_1...
Run output will be captured here: C:/Users/ongwk/Desktop/EE2020-Design-Project/audio_effects.runs/impl_1/runme.log
set_property PROBES.FILE {} [lindex [get_hw_devices] 0]
set_property PROGRAM.FILE {C:/Users/ongwk/Desktop/EE2020-Design-Project/audio_effects.runs/impl_1/AUDIO_FX_TOP.bit} [lindex [get_hw_devices] 0]
program_hw_devices [lindex [get_hw_devices] 0]
INFO: [Labtools 27-3164] End of startup status: HIGH
refresh_hw_device [lindex [get_hw_devices] 0]
INFO: [Labtools 27-1434] Device xc7a35t (JTAG device index = 0) is programmed with a design that has no supported debug core(s) in it.
WARNING: [Labtools 27-3123] The debug hub core was not detected at User Scan Chain 1 or 3.
Resolution: 
1. Make sure the clock connected to the debug hub (dbg_hub) core is a free running clock and is active OR
2. Manually launch hw_server with -e "set xsdb-user-bscan <C_USER_SCAN_CHAIN scan_chain_number>" to detect the debug hub at User Scan Chain of 2 or 4. To determine the user scan chain setting, open the implemented design and use: get_property C_USER_SCAN_CHAIN [get_debug_cores dbg_hub].
ERROR: [Labtoolstcl 44-513] HW Target shutdown. Closing target: localhost:3121/xilinx_tcf/Digilent/210183714161A
INFO: [Labtoolstcl 44-466] Opening hw_target localhost:3121/xilinx_tcf/Digilent/210183714161A
INFO: [Labtools 27-1434] Device xc7a35t (JTAG device index = 0) is programmed with a design that has no supported debug core(s) in it.
WARNING: [Labtools 27-3123] The debug hub core was not detected at User Scan Chain 1 or 3.
Resolution: 
1. Make sure the clock connected to the debug hub (dbg_hub) core is a free running clock and is active OR
2. Manually launch hw_server with -e "set xsdb-user-bscan <C_USER_SCAN_CHAIN scan_chain_number>" to detect the debug hub at User Scan Chain of 2 or 4. To determine the user scan chain setting, open the implemented design and use: get_property C_USER_SCAN_CHAIN [get_debug_cores dbg_hub].
