#-----------------------------------------------------------
# Vivado v2016.2 (64-bit)
# SW Build 1577090 on Thu Jun  2 16:32:40 MDT 2016
# IP Build 1577682 on Fri Jun  3 12:00:54 MDT 2016
# Start of session at: Sun Nov 05 18:13:53 2017
# Process ID: 8896
# Current directory: C:/Users/ongwk/Desktop/EE2020-Design-Project
# Command line: vivado.exe -gui_launcher_event rodinguilauncherevent14112 C:\Users\ongwk\Desktop\EE2020-Design-Project\audio_effects.xpr
# Log file: C:/Users/ongwk/Desktop/EE2020-Design-Project/vivado.log
# Journal file: C:/Users/ongwk/Desktop/EE2020-Design-Project\vivado.jou
#-----------------------------------------------------------
start_gui
open_project C:/Users/ongwk/Desktop/EE2020-Design-Project/audio_effects.xpr
INFO: [Project 1-313] Project file moved from 'C:/Users/test/Documents/NUS/Y2S1/EE2020/audio_effects_final' since last save.
Scanning sources...
Finished scanning sources
INFO: [IP_Flow 19-234] Refreshing IP repositories
INFO: [IP_Flow 19-1704] No user IP repositories specified
INFO: [IP_Flow 19-2313] Loaded Vivado IP repository 'C:/Xilinx/Vivado/2016.2/data/ip'.
open_project: Time (s): cpu = 00:00:17 ; elapsed = 00:00:08 . Memory (MB): peak = 777.801 ; gain = 133.340
update_compile_order -fileset sources_1
exit
INFO: [Common 17-206] Exiting Vivado at Sun Nov 05 19:13:01 2017...
