#-----------------------------------------------------------
# Vivado v2016.2 (64-bit)
# SW Build 1577090 on Thu Jun  2 16:32:40 MDT 2016
# IP Build 1577682 on Fri Jun  3 12:00:54 MDT 2016
# Start of session at: Mon Oct 16 18:57:19 2017
# Process ID: 9804
# Current directory: C:/Users/ongwk/Desktop/EE2020-Design-Project
# Command line: vivado.exe -gui_launcher_event rodinguilauncherevent1640 C:\Users\ongwk\Desktop\EE2020-Design-Project\audio_effects.xpr
# Log file: C:/Users/ongwk/Desktop/EE2020-Design-Project/vivado.log
# Journal file: C:/Users/ongwk/Desktop/EE2020-Design-Project\vivado.jou
#-----------------------------------------------------------
start_gui
open_project C:/Users/ongwk/Desktop/EE2020-Design-Project/audio_effects.xpr
Scanning sources...
Finished scanning sources
WARNING: [filemgmt 56-3] IPUserFilesDir: Could not find the directory 'C:/Users/ongwk/Desktop/EE2020-Design-Project/audio_effects.ip_user_files'.
INFO: [IP_Flow 19-234] Refreshing IP repositories
INFO: [IP_Flow 19-1704] No user IP repositories specified
INFO: [IP_Flow 19-2313] Loaded Vivado IP repository 'C:/Xilinx/Vivado/2016.2/data/ip'.
open_project: Time (s): cpu = 00:00:17 ; elapsed = 00:00:09 . Memory (MB): peak = 794.047 ; gain = 151.793
update_compile_order -fileset sources_1
exit
INFO: [Common 17-206] Exiting Vivado at Mon Oct 16 18:58:13 2017...
/2016.2/data/ip'.
open_project: Time (s): cpu = 00:00:17 ; elapsed = 00:00:11 . Memory (MB): peak = 784.898 ; gain = 133.578
update_compile_order -fileset sources_1
close [ open C:/Users/ongwk/Desktop/EE2020-Design-Project/audio_effects.srcs/sources_1/new/slow_clock.v w ]
add_files C:/Users/ongwk/Desktop/EE2020-Design-Project/audio_effects.srcs/sources_1/new/slow_clock.v
update_compile_order -fileset sources_1
remove_files C:/Users/ongwk/Desktop/EE2020-Design-Project/audio_effects.srcs/sources_1/new/slow_clock.v
file delete -force C:/Users/ongwk/Desktop/EE2020-Design-Project/audio_effects.srcs/sources_1/new/slow_clock.v
update_compile_order -fileset sources_1
reset_run synth_1
launch_runs synth_1
INFO: [HDL 9-2216] Analyzing Verilog file "C:/Users/ongwk/Desktop/EE2020-Design-Project/audio_effects.srcs/sources_1/new/clk_divider.v" into library work [C:/Users/ongwk/Desktop/EE2020-Design-Project/audio_effects.srcs/sources_1/new/clk_divider.v:1]
[Mon Oct 16 19:50:01 2017] Launched synth_1...
Run output will be captured here: C:/Users/ongwk/Desktop/EE2020-Design-Project/audio_effects.runs/synth_1/runme.log
launch_runs impl_1
[Mon Oct 16 19:50:34 2017] Launched impl_1...
Run output will be captured here: C:/Users/ongwk/Desktop/EE2020-Design-Project/audio_effects.runs/impl_1/runme.log
reset_run synth_1
launch_runs impl_1
[Mon Oct 16 19:57:10 2017] Launched synth_1...
Run output will be captured here: C:/Users/ongwk/Desktop/EE2020-Design-Project/audio_effects.runs/synth_1/runme.log
[Mon Oct 16 19:57:10 2017] Launched impl_1...
Run output will be captured here: C:/Users/ongwk/Desktop/EE2020-Design-Project/audio_effects.runs/impl_1/runme.log
reset_run synth_1
launch_runs impl_1
[Mon Oct 16 19:59:54 2017] Launched synth_1...
Run output will be captured here: C:/Users/ongwk/Desktop/EE2020-Design-Project/audio_effects.runs/synth_1/runme.log
[Mon Oct 16 19:59:54 2017] Launched impl_1...
Run output will be captured here: C:/Users/ongwk/Desktop/EE2020-Design-Project/audio_effects.runs/impl_1/runme.log
launch_runs impl_1 -to_step write_bitstream
[Mon Oct 16 20:01:21 2017] Launched impl_1...
Run output will be captured here: C:/Users/ongwk/Desktop/EE2020-Design-Project/audio_effects.runs/impl_1/runme.log
exit
INFO: [Common 17-206] Exiting Vivado at Mon Oct 16 20:02:21 2017...
